<?xml version="1.0" encoding="UTF-8"?>
<testsuite name="Realizar pago de mis productos" tests="1" skipped="0" failures="1" errors="0" timestamp="2020-02-25T21:51:27" hostname="QVT1MDEWIN10" time="123.252">
  <properties/>
  <testcase name="Pagar mi TDC" classname="Realizar pago de mis productos" time="123.252">
    <failure message="java.lang.AssertionError: Expected saldo final&#10;Expected: is &lt;true&gt;&#10;     but: was &lt;false&gt;" type="java.lang.AssertionError">java.lang.AssertionError: Expected saldo final
Expected: is &lt;true&gt;
     but: was &lt;false&gt;
	at net.serenitybdd.screenplay.ErrorTally.throwSummaryExceptionFrom(ErrorTally.java:36)
	at net.serenitybdd.screenplay.ErrorTally.reportAnyErrors(ErrorTally.java:30)
	at net.serenitybdd.screenplay.Actor.should(Actor.java:301)
	at co.com.app.davivienda.stepdefinitions.PagarMisProductosStepdefinitions.verificoQueElPagoSeaExitoso(PagarMisProductosStepdefinitions.java:52)
	at ✽.verifico que el pago sea exitoso(src/test/resources/features/PagarMisProductos.feature:8)
</failure>
  </testcase>
  <system-out><![CDATA[Saldo inicial ->> Cta. Ahorros Saldo total ****8878 $24,791,869.19
Mensaje respuesta: La transacción no se pudo realizar, intente de nuevo más tarde
Saldo final ->>  Cta. Ahorros Saldo total ****8878 $24,791,869.19
Resta: 3.0
]]></system-out>
  <system-err><![CDATA[feb 25, 2020 4:51:50 PM io.appium.java_client.remote.AppiumCommandExecutor$1 lambda$0
INFORMACIÓN: Detected dialect: W3C
[Test worker] ERROR net.thucydides.core.steps.ConsoleLoggingListener - 
           __  _____ _____ ____ _____   _____ _    ___ _     _____ ____  
  _       / / |_   _| ____/ ___|_   _| |  ___/ \  |_ _| |   | ____|  _ \ 
 (_)_____| |    | | |  _| \___ \ | |   | |_ / _ \  | || |   |  _| | | | |
  _|_____| |    | | | |___ ___) || |   |  _/ ___ \ | || |___| |___| |_| |
 (_)     | |    |_| |_____|____/ |_|   |_|/_/   \_\___|_____|_____|____/ 
          \_\                                                            

TEST FAILED: Pagar mi TDC
--------------------------------------------------------------------------
[Test worker] ERROR net.thucydides.core.steps.ConsoleLoggingListener - TEST FAILED AT STEP Then saldo final
[Test worker] ERROR net.thucydides.core.steps.ConsoleLoggingListener - Expected saldo finalExpected: is <true> but: was <false>
]]></system-err>
</testsuite>
